<?xml version="1.0" encoding="UTF-8"?>
<!-- Generated by org.testng.reporters.JUnitReportReporter -->
<testsuite skipped="0" hostname="DESKTOP-97E01BO" name="firstActivity.Activity1" tests="1" failures="0" timestamp="2020-09-07T11:23:40 IST" time="69.372" errors="0">
  <testcase name="exampleTestCase" time="69.372" classname="firstActivity.Activity1"/>
</testsuite> <!-- firstActivity.Activity1 -->
